//-------------------------- 3/26/2014 -- 09:48:39 -----
Console trace is off.
using display 0x1a48cb24
Activating the OpenGL display device...
 OpenGLDevice activating...
OpenGL driver information:
  Vendor: NVIDIA Corporation
  Renderer: NVIDIA GeForce GTX 650 OpenGL Engine
  Version: 2.1 NVIDIA-8.18.22 310.40.05f01
OpenGL Init: Enabled Extensions
  ARB_multitexture (Max Texture Units: 8)
  EXT_blend_color
  EXT_blend_minmax
  EXT_texture_env_combine
  EXT_packed_pixels
  EXT_fog_coord
  ARB_texture_compression
  EXT_texture_compression_s3tc
  (ARB|EXT)_texture_env_add
  EXT_texture_filter_anisotropic (Max anisotropy: 16.000000)
  Vertical Sync
  ATI_FSAA
OpenGL Init: Disabled Extensions
  EXT_paletted_texture
  EXT_compiled_vertex_array
  NV_vertex_array_range
  3DFX_texture_compression_FXT1

 set screen mode 1024 x 768 x 32, windowed, force it, dont repaint
Max Texture Size reported as: 16384
 set screen mode 1024 x 768 x 32, windowed, dont force it, repaint
Killing the texture manager...
Resurrecting the texture manager...
OpenAL Driver Init
OpenAL Driver Init Success
 set screen mode 1024 x 768 x 32, windowed, dont force it, repaint
Killing the texture manager...
Resurrecting the texture manager...
@@@ BrandonToy Created
@@@ BrandonToy Destroyed
Shutting down the OpenGL display device...
Killing the texture manager...
